1741792654071:help
1741792661900:quit
1741795359282:start-game
1741795414286:guess 1
1741795434695:guess 10
1741795440735:guess 50
1741795445059:guess 70
1741795449339:guess 60
1741795592315:uit
1741795594406:quit
1741796219690:start
1741796340556:start 1
1741796344266:start 3
1741800893302:start
1741803986368:1
1741803991328:start
1741803994995:2
1741803997483:start
1741806293944:quit
1741806329717:start
1741806338537:1
1741806340367:1000
1741806349229:start
1741806845569:q
1741806866263:start
1741806869106:1
1741806905892:start
1741807395946:quit
